<?xml version="1.0" encoding="UTF-8"?>
<testsuite xmlns:xsi="http://www.w3.org/2001/XMLSchema-instance" xsi:noNamespaceSchemaLocation="https://maven.apache.org/surefire/maven-surefire-plugin/xsd/surefire-test-report-3.0.xsd" version="3.0" name="TestSuite" time="406.824" tests="22" errors="0" skipped="0" failures="5">
  <properties>
    <property name="sun.desktop" value="windows"/>
    <property name="awt.toolkit" value="sun.awt.windows.WToolkit"/>
    <property name="java.specification.version" value="11"/>
    <property name="sun.cpu.isalist" value="amd64"/>
    <property name="sun.jnu.encoding" value="Cp1252"/>
    <property name="java.class.path" value="D:\Java\Eclipse\WorkSpace\ClassicCRMTestMaven\target\test-classes;D:\Java\Eclipse\WorkSpace\ClassicCRMTestMaven\target\classes;C:\Users\Bilal\.m2\repository\org\apache\poi\poi-ooxml\3.9\poi-ooxml-3.9.jar;C:\Users\Bilal\.m2\repository\org\apache\poi\poi\3.9\poi-3.9.jar;C:\Users\Bilal\.m2\repository\org\apache\poi\poi-ooxml-schemas\3.9\poi-ooxml-schemas-3.9.jar;C:\Users\Bilal\.m2\repository\dom4j\dom4j\1.6.1\dom4j-1.6.1.jar;C:\Users\Bilal\.m2\repository\xml-apis\xml-apis\1.0.b2\xml-apis-1.0.b2.jar;C:\Users\Bilal\.m2\repository\io\github\bonigarcia\webdrivermanager\3.1.0\webdrivermanager-3.1.0.jar;C:\Users\Bilal\.m2\repository\org\slf4j\slf4j-api\1.7.25\slf4j-api-1.7.25.jar;C:\Users\Bilal\.m2\repository\com\google\code\gson\gson\2.8.5\gson-2.8.5.jar;C:\Users\Bilal\.m2\repository\org\apache\commons\commons-lang3\3.7\commons-lang3-3.7.jar;C:\Users\Bilal\.m2\repository\org\apache\httpcomponents\httpclient\4.5.5\httpclient-4.5.5.jar;C:\Users\Bilal\.m2\repository\org\rauschig\jarchivelib\0.8.0\jarchivelib-0.8.0.jar;C:\Users\Bilal\.m2\repository\org\apache\commons\commons-compress\1.14\commons-compress-1.14.jar;C:\Users\Bilal\.m2\repository\org\jsoup\jsoup\1.11.3\jsoup-1.11.3.jar;C:\Users\Bilal\.m2\repository\org\apache\logging\log4j\log4j-api\2.4\log4j-api-2.4.jar;C:\Users\Bilal\.m2\repository\org\apache\logging\log4j\log4j-core\2.4\log4j-core-2.4.jar;C:\Users\Bilal\.m2\repository\commons-io\commons-io\2.6\commons-io-2.6.jar;C:\Users\Bilal\.m2\repository\com\googlecode\json-simple\json-simple\1.1.1\json-simple-1.1.1.jar;C:\Users\Bilal\.m2\repository\junit\junit\4.10\junit-4.10.jar;C:\Users\Bilal\.m2\repository\org\seleniumhq\selenium\selenium-java\3.13.0\selenium-java-3.13.0.jar;C:\Users\Bilal\.m2\repository\org\seleniumhq\selenium\selenium-api\3.13.0\selenium-api-3.13.0.jar;C:\Users\Bilal\.m2\repository\org\seleniumhq\selenium\selenium-chrome-driver\3.13.0\selenium-chrome-driver-3.13.0.jar;C:\Users\Bilal\.m2\repository\org\seleniumhq\selenium\selenium-edge-driver\3.13.0\selenium-edge-driver-3.13.0.jar;C:\Users\Bilal\.m2\repository\org\seleniumhq\selenium\selenium-firefox-driver\3.13.0\selenium-firefox-driver-3.13.0.jar;C:\Users\Bilal\.m2\repository\org\seleniumhq\selenium\selenium-ie-driver\3.13.0\selenium-ie-driver-3.13.0.jar;C:\Users\Bilal\.m2\repository\org\seleniumhq\selenium\selenium-opera-driver\3.13.0\selenium-opera-driver-3.13.0.jar;C:\Users\Bilal\.m2\repository\org\seleniumhq\selenium\selenium-remote-driver\3.13.0\selenium-remote-driver-3.13.0.jar;C:\Users\Bilal\.m2\repository\org\seleniumhq\selenium\selenium-safari-driver\3.13.0\selenium-safari-driver-3.13.0.jar;C:\Users\Bilal\.m2\repository\org\seleniumhq\selenium\selenium-support\3.13.0\selenium-support-3.13.0.jar;C:\Users\Bilal\.m2\repository\net\bytebuddy\byte-buddy\1.8.3\byte-buddy-1.8.3.jar;C:\Users\Bilal\.m2\repository\org\apache\commons\commons-exec\1.3\commons-exec-1.3.jar;C:\Users\Bilal\.m2\repository\commons-codec\commons-codec\1.10\commons-codec-1.10.jar;C:\Users\Bilal\.m2\repository\commons-logging\commons-logging\1.2\commons-logging-1.2.jar;C:\Users\Bilal\.m2\repository\com\google\guava\guava\25.0-jre\guava-25.0-jre.jar;C:\Users\Bilal\.m2\repository\com\google\code\findbugs\jsr305\1.3.9\jsr305-1.3.9.jar;C:\Users\Bilal\.m2\repository\org\checkerframework\checker-compat-qual\2.0.0\checker-compat-qual-2.0.0.jar;C:\Users\Bilal\.m2\repository\com\google\errorprone\error_prone_annotations\2.1.3\error_prone_annotations-2.1.3.jar;C:\Users\Bilal\.m2\repository\com\google\j2objc\j2objc-annotations\1.1\j2objc-annotations-1.1.jar;C:\Users\Bilal\.m2\repository\org\codehaus\mojo\animal-sniffer-annotations\1.14\animal-sniffer-annotations-1.14.jar;C:\Users\Bilal\.m2\repository\org\apache\httpcomponents\httpcore\4.4.9\httpcore-4.4.9.jar;C:\Users\Bilal\.m2\repository\com\squareup\okhttp3\okhttp\3.10.0\okhttp-3.10.0.jar;C:\Users\Bilal\.m2\repository\com\squareup\okio\okio\1.14.1\okio-1.14.1.jar;C:\Users\Bilal\.m2\repository\org\testng\testng\6.8.8\testng-6.8.8.jar;C:\Users\Bilal\.m2\repository\org\beanshell\bsh\2.0b4\bsh-2.0b4.jar;C:\Users\Bilal\.m2\repository\com\beust\jcommander\1.27\jcommander-1.27.jar;C:\Users\Bilal\.m2\repository\io\appium\java-client\6.1.0\java-client-6.1.0.jar;C:\Users\Bilal\.m2\repository\cglib\cglib\3.2.6\cglib-3.2.6.jar;C:\Users\Bilal\.m2\repository\org\ow2\asm\asm\6.0\asm-6.0.jar;C:\Users\Bilal\.m2\repository\org\apache\ant\ant\1.9.6\ant-1.9.6.jar;C:\Users\Bilal\.m2\repository\org\apache\ant\ant-launcher\1.9.6\ant-launcher-1.9.6.jar;C:\Users\Bilal\.m2\repository\commons-validator\commons-validator\1.6\commons-validator-1.6.jar;C:\Users\Bilal\.m2\repository\commons-beanutils\commons-beanutils\1.9.2\commons-beanutils-1.9.2.jar;C:\Users\Bilal\.m2\repository\commons-digester\commons-digester\1.8.1\commons-digester-1.8.1.jar;C:\Users\Bilal\.m2\repository\org\springframework\spring-context\5.0.5.RELEASE\spring-context-5.0.5.RELEASE.jar;C:\Users\Bilal\.m2\repository\org\aspectj\aspectjweaver\1.9.1\aspectjweaver-1.9.1.jar;C:\Users\Bilal\.m2\repository\org\openpnp\opencv\3.2.0-1\opencv-3.2.0-1.jar;C:\Users\Bilal\.m2\repository\com\aventstack\extentreports\3.1.5\extentreports-3.1.5.jar;C:\Users\Bilal\.m2\repository\org\freemarker\freemarker\2.3.23\freemarker-2.3.23.jar;C:\Users\Bilal\.m2\repository\org\mongodb\mongodb-driver\3.3.0\mongodb-driver-3.3.0.jar;C:\Users\Bilal\.m2\repository\org\mongodb\bson\3.3.0\bson-3.3.0.jar;C:\Users\Bilal\.m2\repository\org\mongodb\mongodb-driver-core\3.3.0\mongodb-driver-core-3.3.0.jar;C:\Users\Bilal\.m2\repository\org\apache\httpcomponents\httpmime\4.5.2\httpmime-4.5.2.jar;C:\Users\Bilal\.m2\repository\com\relevantcodes\extentreports\2.41.2\extentreports-2.41.2.jar;C:\Users\Bilal\.m2\repository\org\xerial\sqlite-jdbc\3.8.11.1\sqlite-jdbc-3.8.11.1.jar;C:\Users\Bilal\.m2\repository\org\apache\cxf\cxf-bundle\2.7.3\cxf-bundle-2.7.3.jar;C:\Users\Bilal\.m2\repository\org\apache\velocity\velocity\1.7\velocity-1.7.jar;C:\Users\Bilal\.m2\repository\commons-collections\commons-collections\3.2.1\commons-collections-3.2.1.jar;C:\Users\Bilal\.m2\repository\wsdl4j\wsdl4j\1.6.2\wsdl4j-1.6.2.jar;C:\Users\Bilal\.m2\repository\com\sun\xml\bind\jaxb-xjc\2.1.13\jaxb-xjc-2.1.13.jar;C:\Users\Bilal\.m2\repository\com\sun\xml\bind\jaxb-impl\2.1.13\jaxb-impl-2.1.13.jar;C:\Users\Bilal\.m2\repository\org\apache\ws\xmlschema\xmlschema-core\2.0.3\xmlschema-core-2.0.3.jar;C:\Users\Bilal\.m2\repository\antlr\antlr\2.7.7\antlr-2.7.7.jar;C:\Users\Bilal\.m2\repository\org\codehaus\woodstox\woodstox-core-asl\4.1.4\woodstox-core-asl-4.1.4.jar;C:\Users\Bilal\.m2\repository\org\codehaus\woodstox\stax2-api\3.1.1\stax2-api-3.1.1.jar;C:\Users\Bilal\.m2\repository\org\apache\xmlbeans\xmlbeans\2.6.0\xmlbeans-2.6.0.jar;C:\Users\Bilal\.m2\repository\xml-resolver\xml-resolver\1.2\xml-resolver-1.2.jar;C:\Users\Bilal\.m2\repository\org\apache\geronimo\specs\geronimo-jaxws_2.2_spec\1.1\geronimo-jaxws_2.2_spec-1.1.jar;C:\Users\Bilal\.m2\repository\org\apache\geronimo\specs\geronimo-javamail_1.4_spec\1.7.1\geronimo-javamail_1.4_spec-1.7.1.jar;C:\Users\Bilal\.m2\repository\org\eclipse\jetty\jetty-server\8.1.7.v20120910\jetty-server-8.1.7.v20120910.jar;C:\Users\Bilal\.m2\repository\org\eclipse\jetty\jetty-continuation\8.1.7.v20120910\jetty-continuation-8.1.7.v20120910.jar;C:\Users\Bilal\.m2\repository\org\eclipse\jetty\jetty-http\8.1.7.v20120910\jetty-http-8.1.7.v20120910.jar;C:\Users\Bilal\.m2\repository\org\eclipse\jetty\jetty-io\8.1.7.v20120910\jetty-io-8.1.7.v20120910.jar;C:\Users\Bilal\.m2\repository\org\eclipse\jetty\jetty-util\8.1.7.v20120910\jetty-util-8.1.7.v20120910.jar;C:\Users\Bilal\.m2\repository\org\eclipse\jetty\jetty-security\8.1.7.v20120910\jetty-security-8.1.7.v20120910.jar;C:\Users\Bilal\.m2\repository\org\apache\geronimo\specs\geronimo-servlet_3.0_spec\1.0\geronimo-servlet_3.0_spec-1.0.jar;C:\Users\Bilal\.m2\repository\org\apache\geronimo\specs\geronimo-jms_1.1_spec\1.1.1\geronimo-jms_1.1_spec-1.1.1.jar;C:\Users\Bilal\.m2\repository\org\springframework\spring-jms\3.0.7.RELEASE\spring-jms-3.0.7.RELEASE.jar;C:\Users\Bilal\.m2\repository\aopalliance\aopalliance\1.0\aopalliance-1.0.jar;C:\Users\Bilal\.m2\repository\org\springframework\spring-aop\3.0.7.RELEASE\spring-aop-3.0.7.RELEASE.jar;C:\Users\Bilal\.m2\repository\org\springframework\spring-beans\3.0.7.RELEASE\spring-beans-3.0.7.RELEASE.jar;C:\Users\Bilal\.m2\repository\org\springframework\spring-core\3.0.7.RELEASE\spring-core-3.0.7.RELEASE.jar;C:\Users\Bilal\.m2\repository\org\springframework\spring-expression\3.0.7.RELEASE\spring-expression-3.0.7.RELEASE.jar;C:\Users\Bilal\.m2\repository\org\springframework\spring-asm\3.0.7.RELEASE\spring-asm-3.0.7.RELEASE.jar;C:\Users\Bilal\.m2\repository\org\springframework\spring-tx\3.0.7.RELEASE\spring-tx-3.0.7.RELEASE.jar;C:\Users\Bilal\.m2\repository\commons-lang\commons-lang\2.6\commons-lang-2.6.jar;C:\Users\Bilal\.m2\repository\org\apache\httpcomponents\httpcore-nio\4.2.2\httpcore-nio-4.2.2.jar;C:\Users\Bilal\.m2\repository\org\apache\httpcomponents\httpasyncclient\4.0-beta3\httpasyncclient-4.0-beta3.jar;C:\Users\Bilal\.m2\repository\org\apache\mina\mina-core\2.0.5\mina-core-2.0.5.jar;C:\Users\Bilal\.m2\repository\asm\asm\3.3.1\asm-3.3.1.jar;C:\Users\Bilal\.m2\repository\rhino\js\1.7R2\js-1.7R2.jar;C:\Users\Bilal\.m2\repository\javax\ws\rs\javax.ws.rs-api\2.0-m10\javax.ws.rs-api-2.0-m10.jar;C:\Users\Bilal\.m2\repository\net\oauth\core\oauth-provider\20100527\oauth-provider-20100527.jar;C:\Users\Bilal\.m2\repository\net\oauth\core\oauth\20100527\oauth-20100527.jar;C:\Users\Bilal\.m2\repository\net\sf\ehcache\ehcache-core\2.5.1\ehcache-core-2.5.1.jar;C:\Users\Bilal\.m2\repository\org\apache\ws\security\wss4j\1.6.9\wss4j-1.6.9.jar;C:\Users\Bilal\.m2\repository\org\apache\santuario\xmlsec\1.5.3\xmlsec-1.5.3.jar;C:\Users\Bilal\.m2\repository\org\opensaml\opensaml\2.5.1-1\opensaml-2.5.1-1.jar;C:\Users\Bilal\.m2\repository\org\opensaml\openws\1.4.2-1\openws-1.4.2-1.jar;C:\Users\Bilal\.m2\repository\org\opensaml\xmltooling\1.3.2-1\xmltooling-1.3.2-1.jar;C:\Users\Bilal\.m2\repository\joda-time\joda-time\1.6.2\joda-time-1.6.2.jar;C:\Users\Bilal\.m2\repository\org\apache\neethi\neethi\3.0.2\neethi-3.0.2.jar;C:\Users\Bilal\.m2\repository\io\rest-assured\rest-assured\3.0.0\rest-assured-3.0.0.jar;C:\Users\Bilal\.m2\repository\org\codehaus\groovy\groovy\2.4.6\groovy-2.4.6.jar;C:\Users\Bilal\.m2\repository\org\codehaus\groovy\groovy-xml\2.4.6\groovy-xml-2.4.6.jar;C:\Users\Bilal\.m2\repository\org\hamcrest\hamcrest-core\1.3\hamcrest-core-1.3.jar;C:\Users\Bilal\.m2\repository\org\hamcrest\hamcrest-library\1.3\hamcrest-library-1.3.jar;C:\Users\Bilal\.m2\repository\org\ccil\cowan\tagsoup\tagsoup\1.2.1\tagsoup-1.2.1.jar;C:\Users\Bilal\.m2\repository\io\rest-assured\json-path\3.1.1\json-path-3.1.1.jar;C:\Users\Bilal\.m2\repository\org\codehaus\groovy\groovy-json\2.4.12\groovy-json-2.4.12.jar;C:\Users\Bilal\.m2\repository\io\rest-assured\rest-assured-common\3.1.1\rest-assured-common-3.1.1.jar;C:\Users\Bilal\.m2\repository\io\rest-assured\xml-path\3.1.1\xml-path-3.1.1.jar;C:\Users\Bilal\.m2\repository\javax\xml\bind\jaxb-api\2.2.12\jaxb-api-2.2.12.jar;C:\Users\Bilal\.m2\repository\io\rest-assured\json-schema-validator\3.1.1\json-schema-validator-3.1.1.jar;C:\Users\Bilal\.m2\repository\com\github\fge\json-schema-validator\2.2.6\json-schema-validator-2.2.6.jar;C:\Users\Bilal\.m2\repository\com\googlecode\libphonenumber\libphonenumber\6.2\libphonenumber-6.2.jar;C:\Users\Bilal\.m2\repository\com\github\fge\json-schema-core\1.2.5\json-schema-core-1.2.5.jar;C:\Users\Bilal\.m2\repository\com\github\fge\uri-template\0.9\uri-template-0.9.jar;C:\Users\Bilal\.m2\repository\com\github\fge\msg-simple\1.1\msg-simple-1.1.jar;C:\Users\Bilal\.m2\repository\com\github\fge\btf\1.2\btf-1.2.jar;C:\Users\Bilal\.m2\repository\com\github\fge\jackson-coreutils\1.8\jackson-coreutils-1.8.jar;C:\Users\Bilal\.m2\repository\com\fasterxml\jackson\core\jackson-databind\2.2.3\jackson-databind-2.2.3.jar;C:\Users\Bilal\.m2\repository\com\fasterxml\jackson\core\jackson-annotations\2.2.3\jackson-annotations-2.2.3.jar;C:\Users\Bilal\.m2\repository\com\fasterxml\jackson\core\jackson-core\2.2.3\jackson-core-2.2.3.jar;C:\Users\Bilal\.m2\repository\org\mozilla\rhino\1.7R4\rhino-1.7R4.jar;C:\Users\Bilal\.m2\repository\javax\mail\mailapi\1.4.3\mailapi-1.4.3.jar;C:\Users\Bilal\.m2\repository\javax\activation\activation\1.1\activation-1.1.jar;C:\Users\Bilal\.m2\repository\net\sf\jopt-simple\jopt-simple\4.6\jopt-simple-4.6.jar;C:\Users\Bilal\.m2\repository\io\rest-assured\spring-mock-mvc\3.1.1\spring-mock-mvc-3.1.1.jar;C:\Users\Bilal\.m2\repository\org\springframework\spring-test\4.2.6.RELEASE\spring-test-4.2.6.RELEASE.jar;C:\Users\Bilal\.m2\repository\org\springframework\spring-webmvc\4.2.6.RELEASE\spring-webmvc-4.2.6.RELEASE.jar;C:\Users\Bilal\.m2\repository\org\springframework\spring-web\4.2.6.RELEASE\spring-web-4.2.6.RELEASE.jar;C:\Users\Bilal\.m2\repository\io\rest-assured\scala-support\3.1.1\scala-support-3.1.1.jar;C:\Users\Bilal\.m2\repository\org\scala-lang\scala-library\2.11.12\scala-library-2.11.12.jar;"/>
    <property name="java.vm.vendor" value="Oracle Corporation"/>
    <property name="sun.arch.data.model" value="64"/>
    <property name="user.variant" value=""/>
    <property name="java.vendor.url" value="http://java.oracle.com/"/>
    <property name="user.timezone" value="Europe/Paris"/>
    <property name="java.vm.specification.version" value="11"/>
    <property name="os.name" value="Windows 10"/>
    <property name="sun.java.launcher" value="SUN_STANDARD"/>
    <property name="user.country" value="FR"/>
    <property name="sun.boot.library.path" value="C:\Program Files\Java\jdk-11.0.1\bin"/>
    <property name="sun.java.command" value="C:\Users\Bilal\AppData\Local\Temp\surefire15624412101034855204\surefirebooter13416198300258712945.jar C:\Users\Bilal\AppData\Local\Temp\surefire15624412101034855204 2019-04-05T13-33-24_637-jvmRun1 surefire6748527892901990388tmp surefire_017129670405190529810tmp"/>
    <property name="jdk.debug" value="release"/>
    <property name="surefire.test.class.path" value="D:\Java\Eclipse\WorkSpace\ClassicCRMTestMaven\target\test-classes;D:\Java\Eclipse\WorkSpace\ClassicCRMTestMaven\target\classes;C:\Users\Bilal\.m2\repository\org\apache\poi\poi-ooxml\3.9\poi-ooxml-3.9.jar;C:\Users\Bilal\.m2\repository\org\apache\poi\poi\3.9\poi-3.9.jar;C:\Users\Bilal\.m2\repository\org\apache\poi\poi-ooxml-schemas\3.9\poi-ooxml-schemas-3.9.jar;C:\Users\Bilal\.m2\repository\dom4j\dom4j\1.6.1\dom4j-1.6.1.jar;C:\Users\Bilal\.m2\repository\xml-apis\xml-apis\1.0.b2\xml-apis-1.0.b2.jar;C:\Users\Bilal\.m2\repository\io\github\bonigarcia\webdrivermanager\3.1.0\webdrivermanager-3.1.0.jar;C:\Users\Bilal\.m2\repository\org\slf4j\slf4j-api\1.7.25\slf4j-api-1.7.25.jar;C:\Users\Bilal\.m2\repository\com\google\code\gson\gson\2.8.5\gson-2.8.5.jar;C:\Users\Bilal\.m2\repository\org\apache\commons\commons-lang3\3.7\commons-lang3-3.7.jar;C:\Users\Bilal\.m2\repository\org\apache\httpcomponents\httpclient\4.5.5\httpclient-4.5.5.jar;C:\Users\Bilal\.m2\repository\org\rauschig\jarchivelib\0.8.0\jarchivelib-0.8.0.jar;C:\Users\Bilal\.m2\repository\org\apache\commons\commons-compress\1.14\commons-compress-1.14.jar;C:\Users\Bilal\.m2\repository\org\jsoup\jsoup\1.11.3\jsoup-1.11.3.jar;C:\Users\Bilal\.m2\repository\org\apache\logging\log4j\log4j-api\2.4\log4j-api-2.4.jar;C:\Users\Bilal\.m2\repository\org\apache\logging\log4j\log4j-core\2.4\log4j-core-2.4.jar;C:\Users\Bilal\.m2\repository\commons-io\commons-io\2.6\commons-io-2.6.jar;C:\Users\Bilal\.m2\repository\com\googlecode\json-simple\json-simple\1.1.1\json-simple-1.1.1.jar;C:\Users\Bilal\.m2\repository\junit\junit\4.10\junit-4.10.jar;C:\Users\Bilal\.m2\repository\org\seleniumhq\selenium\selenium-java\3.13.0\selenium-java-3.13.0.jar;C:\Users\Bilal\.m2\repository\org\seleniumhq\selenium\selenium-api\3.13.0\selenium-api-3.13.0.jar;C:\Users\Bilal\.m2\repository\org\seleniumhq\selenium\selenium-chrome-driver\3.13.0\selenium-chrome-driver-3.13.0.jar;C:\Users\Bilal\.m2\repository\org\seleniumhq\selenium\selenium-edge-driver\3.13.0\selenium-edge-driver-3.13.0.jar;C:\Users\Bilal\.m2\repository\org\seleniumhq\selenium\selenium-firefox-driver\3.13.0\selenium-firefox-driver-3.13.0.jar;C:\Users\Bilal\.m2\repository\org\seleniumhq\selenium\selenium-ie-driver\3.13.0\selenium-ie-driver-3.13.0.jar;C:\Users\Bilal\.m2\repository\org\seleniumhq\selenium\selenium-opera-driver\3.13.0\selenium-opera-driver-3.13.0.jar;C:\Users\Bilal\.m2\repository\org\seleniumhq\selenium\selenium-remote-driver\3.13.0\selenium-remote-driver-3.13.0.jar;C:\Users\Bilal\.m2\repository\org\seleniumhq\selenium\selenium-safari-driver\3.13.0\selenium-safari-driver-3.13.0.jar;C:\Users\Bilal\.m2\repository\org\seleniumhq\selenium\selenium-support\3.13.0\selenium-support-3.13.0.jar;C:\Users\Bilal\.m2\repository\net\bytebuddy\byte-buddy\1.8.3\byte-buddy-1.8.3.jar;C:\Users\Bilal\.m2\repository\org\apache\commons\commons-exec\1.3\commons-exec-1.3.jar;C:\Users\Bilal\.m2\repository\commons-codec\commons-codec\1.10\commons-codec-1.10.jar;C:\Users\Bilal\.m2\repository\commons-logging\commons-logging\1.2\commons-logging-1.2.jar;C:\Users\Bilal\.m2\repository\com\google\guava\guava\25.0-jre\guava-25.0-jre.jar;C:\Users\Bilal\.m2\repository\com\google\code\findbugs\jsr305\1.3.9\jsr305-1.3.9.jar;C:\Users\Bilal\.m2\repository\org\checkerframework\checker-compat-qual\2.0.0\checker-compat-qual-2.0.0.jar;C:\Users\Bilal\.m2\repository\com\google\errorprone\error_prone_annotations\2.1.3\error_prone_annotations-2.1.3.jar;C:\Users\Bilal\.m2\repository\com\google\j2objc\j2objc-annotations\1.1\j2objc-annotations-1.1.jar;C:\Users\Bilal\.m2\repository\org\codehaus\mojo\animal-sniffer-annotations\1.14\animal-sniffer-annotations-1.14.jar;C:\Users\Bilal\.m2\repository\org\apache\httpcomponents\httpcore\4.4.9\httpcore-4.4.9.jar;C:\Users\Bilal\.m2\repository\com\squareup\okhttp3\okhttp\3.10.0\okhttp-3.10.0.jar;C:\Users\Bilal\.m2\repository\com\squareup\okio\okio\1.14.1\okio-1.14.1.jar;C:\Users\Bilal\.m2\repository\org\testng\testng\6.8.8\testng-6.8.8.jar;C:\Users\Bilal\.m2\repository\org\beanshell\bsh\2.0b4\bsh-2.0b4.jar;C:\Users\Bilal\.m2\repository\com\beust\jcommander\1.27\jcommander-1.27.jar;C:\Users\Bilal\.m2\repository\io\appium\java-client\6.1.0\java-client-6.1.0.jar;C:\Users\Bilal\.m2\repository\cglib\cglib\3.2.6\cglib-3.2.6.jar;C:\Users\Bilal\.m2\repository\org\ow2\asm\asm\6.0\asm-6.0.jar;C:\Users\Bilal\.m2\repository\org\apache\ant\ant\1.9.6\ant-1.9.6.jar;C:\Users\Bilal\.m2\repository\org\apache\ant\ant-launcher\1.9.6\ant-launcher-1.9.6.jar;C:\Users\Bilal\.m2\repository\commons-validator\commons-validator\1.6\commons-validator-1.6.jar;C:\Users\Bilal\.m2\repository\commons-beanutils\commons-beanutils\1.9.2\commons-beanutils-1.9.2.jar;C:\Users\Bilal\.m2\repository\commons-digester\commons-digester\1.8.1\commons-digester-1.8.1.jar;C:\Users\Bilal\.m2\repository\org\springframework\spring-context\5.0.5.RELEASE\spring-context-5.0.5.RELEASE.jar;C:\Users\Bilal\.m2\repository\org\aspectj\aspectjweaver\1.9.1\aspectjweaver-1.9.1.jar;C:\Users\Bilal\.m2\repository\org\openpnp\opencv\3.2.0-1\opencv-3.2.0-1.jar;C:\Users\Bilal\.m2\repository\com\aventstack\extentreports\3.1.5\extentreports-3.1.5.jar;C:\Users\Bilal\.m2\repository\org\freemarker\freemarker\2.3.23\freemarker-2.3.23.jar;C:\Users\Bilal\.m2\repository\org\mongodb\mongodb-driver\3.3.0\mongodb-driver-3.3.0.jar;C:\Users\Bilal\.m2\repository\org\mongodb\bson\3.3.0\bson-3.3.0.jar;C:\Users\Bilal\.m2\repository\org\mongodb\mongodb-driver-core\3.3.0\mongodb-driver-core-3.3.0.jar;C:\Users\Bilal\.m2\repository\org\apache\httpcomponents\httpmime\4.5.2\httpmime-4.5.2.jar;C:\Users\Bilal\.m2\repository\com\relevantcodes\extentreports\2.41.2\extentreports-2.41.2.jar;C:\Users\Bilal\.m2\repository\org\xerial\sqlite-jdbc\3.8.11.1\sqlite-jdbc-3.8.11.1.jar;C:\Users\Bilal\.m2\repository\org\apache\cxf\cxf-bundle\2.7.3\cxf-bundle-2.7.3.jar;C:\Users\Bilal\.m2\repository\org\apache\velocity\velocity\1.7\velocity-1.7.jar;C:\Users\Bilal\.m2\repository\commons-collections\commons-collections\3.2.1\commons-collections-3.2.1.jar;C:\Users\Bilal\.m2\repository\wsdl4j\wsdl4j\1.6.2\wsdl4j-1.6.2.jar;C:\Users\Bilal\.m2\repository\com\sun\xml\bind\jaxb-xjc\2.1.13\jaxb-xjc-2.1.13.jar;C:\Users\Bilal\.m2\repository\com\sun\xml\bind\jaxb-impl\2.1.13\jaxb-impl-2.1.13.jar;C:\Users\Bilal\.m2\repository\org\apache\ws\xmlschema\xmlschema-core\2.0.3\xmlschema-core-2.0.3.jar;C:\Users\Bilal\.m2\repository\antlr\antlr\2.7.7\antlr-2.7.7.jar;C:\Users\Bilal\.m2\repository\org\codehaus\woodstox\woodstox-core-asl\4.1.4\woodstox-core-asl-4.1.4.jar;C:\Users\Bilal\.m2\repository\org\codehaus\woodstox\stax2-api\3.1.1\stax2-api-3.1.1.jar;C:\Users\Bilal\.m2\repository\org\apache\xmlbeans\xmlbeans\2.6.0\xmlbeans-2.6.0.jar;C:\Users\Bilal\.m2\repository\xml-resolver\xml-resolver\1.2\xml-resolver-1.2.jar;C:\Users\Bilal\.m2\repository\org\apache\geronimo\specs\geronimo-jaxws_2.2_spec\1.1\geronimo-jaxws_2.2_spec-1.1.jar;C:\Users\Bilal\.m2\repository\org\apache\geronimo\specs\geronimo-javamail_1.4_spec\1.7.1\geronimo-javamail_1.4_spec-1.7.1.jar;C:\Users\Bilal\.m2\repository\org\eclipse\jetty\jetty-server\8.1.7.v20120910\jetty-server-8.1.7.v20120910.jar;C:\Users\Bilal\.m2\repository\org\eclipse\jetty\jetty-continuation\8.1.7.v20120910\jetty-continuation-8.1.7.v20120910.jar;C:\Users\Bilal\.m2\repository\org\eclipse\jetty\jetty-http\8.1.7.v20120910\jetty-http-8.1.7.v20120910.jar;C:\Users\Bilal\.m2\repository\org\eclipse\jetty\jetty-io\8.1.7.v20120910\jetty-io-8.1.7.v20120910.jar;C:\Users\Bilal\.m2\repository\org\eclipse\jetty\jetty-util\8.1.7.v20120910\jetty-util-8.1.7.v20120910.jar;C:\Users\Bilal\.m2\repository\org\eclipse\jetty\jetty-security\8.1.7.v20120910\jetty-security-8.1.7.v20120910.jar;C:\Users\Bilal\.m2\repository\org\apache\geronimo\specs\geronimo-servlet_3.0_spec\1.0\geronimo-servlet_3.0_spec-1.0.jar;C:\Users\Bilal\.m2\repository\org\apache\geronimo\specs\geronimo-jms_1.1_spec\1.1.1\geronimo-jms_1.1_spec-1.1.1.jar;C:\Users\Bilal\.m2\repository\org\springframework\spring-jms\3.0.7.RELEASE\spring-jms-3.0.7.RELEASE.jar;C:\Users\Bilal\.m2\repository\aopalliance\aopalliance\1.0\aopalliance-1.0.jar;C:\Users\Bilal\.m2\repository\org\springframework\spring-aop\3.0.7.RELEASE\spring-aop-3.0.7.RELEASE.jar;C:\Users\Bilal\.m2\repository\org\springframework\spring-beans\3.0.7.RELEASE\spring-beans-3.0.7.RELEASE.jar;C:\Users\Bilal\.m2\repository\org\springframework\spring-core\3.0.7.RELEASE\spring-core-3.0.7.RELEASE.jar;C:\Users\Bilal\.m2\repository\org\springframework\spring-expression\3.0.7.RELEASE\spring-expression-3.0.7.RELEASE.jar;C:\Users\Bilal\.m2\repository\org\springframework\spring-asm\3.0.7.RELEASE\spring-asm-3.0.7.RELEASE.jar;C:\Users\Bilal\.m2\repository\org\springframework\spring-tx\3.0.7.RELEASE\spring-tx-3.0.7.RELEASE.jar;C:\Users\Bilal\.m2\repository\commons-lang\commons-lang\2.6\commons-lang-2.6.jar;C:\Users\Bilal\.m2\repository\org\apache\httpcomponents\httpcore-nio\4.2.2\httpcore-nio-4.2.2.jar;C:\Users\Bilal\.m2\repository\org\apache\httpcomponents\httpasyncclient\4.0-beta3\httpasyncclient-4.0-beta3.jar;C:\Users\Bilal\.m2\repository\org\apache\mina\mina-core\2.0.5\mina-core-2.0.5.jar;C:\Users\Bilal\.m2\repository\asm\asm\3.3.1\asm-3.3.1.jar;C:\Users\Bilal\.m2\repository\rhino\js\1.7R2\js-1.7R2.jar;C:\Users\Bilal\.m2\repository\javax\ws\rs\javax.ws.rs-api\2.0-m10\javax.ws.rs-api-2.0-m10.jar;C:\Users\Bilal\.m2\repository\net\oauth\core\oauth-provider\20100527\oauth-provider-20100527.jar;C:\Users\Bilal\.m2\repository\net\oauth\core\oauth\20100527\oauth-20100527.jar;C:\Users\Bilal\.m2\repository\net\sf\ehcache\ehcache-core\2.5.1\ehcache-core-2.5.1.jar;C:\Users\Bilal\.m2\repository\org\apache\ws\security\wss4j\1.6.9\wss4j-1.6.9.jar;C:\Users\Bilal\.m2\repository\org\apache\santuario\xmlsec\1.5.3\xmlsec-1.5.3.jar;C:\Users\Bilal\.m2\repository\org\opensaml\opensaml\2.5.1-1\opensaml-2.5.1-1.jar;C:\Users\Bilal\.m2\repository\org\opensaml\openws\1.4.2-1\openws-1.4.2-1.jar;C:\Users\Bilal\.m2\repository\org\opensaml\xmltooling\1.3.2-1\xmltooling-1.3.2-1.jar;C:\Users\Bilal\.m2\repository\joda-time\joda-time\1.6.2\joda-time-1.6.2.jar;C:\Users\Bilal\.m2\repository\org\apache\neethi\neethi\3.0.2\neethi-3.0.2.jar;C:\Users\Bilal\.m2\repository\io\rest-assured\rest-assured\3.0.0\rest-assured-3.0.0.jar;C:\Users\Bilal\.m2\repository\org\codehaus\groovy\groovy\2.4.6\groovy-2.4.6.jar;C:\Users\Bilal\.m2\repository\org\codehaus\groovy\groovy-xml\2.4.6\groovy-xml-2.4.6.jar;C:\Users\Bilal\.m2\repository\org\hamcrest\hamcrest-core\1.3\hamcrest-core-1.3.jar;C:\Users\Bilal\.m2\repository\org\hamcrest\hamcrest-library\1.3\hamcrest-library-1.3.jar;C:\Users\Bilal\.m2\repository\org\ccil\cowan\tagsoup\tagsoup\1.2.1\tagsoup-1.2.1.jar;C:\Users\Bilal\.m2\repository\io\rest-assured\json-path\3.1.1\json-path-3.1.1.jar;C:\Users\Bilal\.m2\repository\org\codehaus\groovy\groovy-json\2.4.12\groovy-json-2.4.12.jar;C:\Users\Bilal\.m2\repository\io\rest-assured\rest-assured-common\3.1.1\rest-assured-common-3.1.1.jar;C:\Users\Bilal\.m2\repository\io\rest-assured\xml-path\3.1.1\xml-path-3.1.1.jar;C:\Users\Bilal\.m2\repository\javax\xml\bind\jaxb-api\2.2.12\jaxb-api-2.2.12.jar;C:\Users\Bilal\.m2\repository\io\rest-assured\json-schema-validator\3.1.1\json-schema-validator-3.1.1.jar;C:\Users\Bilal\.m2\repository\com\github\fge\json-schema-validator\2.2.6\json-schema-validator-2.2.6.jar;C:\Users\Bilal\.m2\repository\com\googlecode\libphonenumber\libphonenumber\6.2\libphonenumber-6.2.jar;C:\Users\Bilal\.m2\repository\com\github\fge\json-schema-core\1.2.5\json-schema-core-1.2.5.jar;C:\Users\Bilal\.m2\repository\com\github\fge\uri-template\0.9\uri-template-0.9.jar;C:\Users\Bilal\.m2\repository\com\github\fge\msg-simple\1.1\msg-simple-1.1.jar;C:\Users\Bilal\.m2\repository\com\github\fge\btf\1.2\btf-1.2.jar;C:\Users\Bilal\.m2\repository\com\github\fge\jackson-coreutils\1.8\jackson-coreutils-1.8.jar;C:\Users\Bilal\.m2\repository\com\fasterxml\jackson\core\jackson-databind\2.2.3\jackson-databind-2.2.3.jar;C:\Users\Bilal\.m2\repository\com\fasterxml\jackson\core\jackson-annotations\2.2.3\jackson-annotations-2.2.3.jar;C:\Users\Bilal\.m2\repository\com\fasterxml\jackson\core\jackson-core\2.2.3\jackson-core-2.2.3.jar;C:\Users\Bilal\.m2\repository\org\mozilla\rhino\1.7R4\rhino-1.7R4.jar;C:\Users\Bilal\.m2\repository\javax\mail\mailapi\1.4.3\mailapi-1.4.3.jar;C:\Users\Bilal\.m2\repository\javax\activation\activation\1.1\activation-1.1.jar;C:\Users\Bilal\.m2\repository\net\sf\jopt-simple\jopt-simple\4.6\jopt-simple-4.6.jar;C:\Users\Bilal\.m2\repository\io\rest-assured\spring-mock-mvc\3.1.1\spring-mock-mvc-3.1.1.jar;C:\Users\Bilal\.m2\repository\org\springframework\spring-test\4.2.6.RELEASE\spring-test-4.2.6.RELEASE.jar;C:\Users\Bilal\.m2\repository\org\springframework\spring-webmvc\4.2.6.RELEASE\spring-webmvc-4.2.6.RELEASE.jar;C:\Users\Bilal\.m2\repository\org\springframework\spring-web\4.2.6.RELEASE\spring-web-4.2.6.RELEASE.jar;C:\Users\Bilal\.m2\repository\io\rest-assured\scala-support\3.1.1\scala-support-3.1.1.jar;C:\Users\Bilal\.m2\repository\org\scala-lang\scala-library\2.11.12\scala-library-2.11.12.jar;"/>
    <property name="sun.cpu.endian" value="little"/>
    <property name="user.home" value="C:\Users\Bilal"/>
    <property name="user.language" value="fr"/>
    <property name="java.specification.vendor" value="Oracle Corporation"/>
    <property name="java.version.date" value="2018-10-16"/>
    <property name="java.home" value="C:\Program Files\Java\jdk-11.0.1"/>
    <property name="file.separator" value="\"/>
    <property name="basedir" value="D:\Java\Eclipse\WorkSpace\ClassicCRMTestMaven"/>
    <property name="java.vm.compressedOopsMode" value="32-bit"/>
    <property name="line.separator" value="&#10;"/>
    <property name="java.specification.name" value="Java Platform API Specification"/>
    <property name="java.vm.specification.vendor" value="Oracle Corporation"/>
    <property name="java.awt.graphicsenv" value="sun.awt.Win32GraphicsEnvironment"/>
    <property name="surefire.real.class.path" value="C:\Users\Bilal\AppData\Local\Temp\surefire15624412101034855204\surefirebooter13416198300258712945.jar"/>
    <property name="user.script" value=""/>
    <property name="sun.management.compiler" value="HotSpot 64-Bit Tiered Compilers"/>
    <property name="java.runtime.version" value="11.0.1+13-LTS"/>
    <property name="user.name" value="Bilal"/>
    <property name="path.separator" value=";"/>
    <property name="os.version" value="10.0"/>
    <property name="java.runtime.name" value="Java(TM) SE Runtime Environment"/>
    <property name="file.encoding" value="Cp1252"/>
    <property name="java.vm.name" value="Java HotSpot(TM) 64-Bit Server VM"/>
    <property name="java.vendor.version" value="18.9"/>
    <property name="localRepository" value="C:\Users\Bilal\.m2\repository"/>
    <property name="java.vendor.url.bug" value="http://bugreport.java.com/bugreport/"/>
    <property name="java.io.tmpdir" value="C:\Users\Bilal\AppData\Local\Temp\"/>
    <property name="java.version" value="11.0.1"/>
    <property name="user.dir" value="D:\Java\Eclipse\WorkSpace\ClassicCRMTestMaven"/>
    <property name="os.arch" value="amd64"/>
    <property name="java.vm.specification.name" value="Java Virtual Machine Specification"/>
    <property name="java.awt.printerjob" value="sun.awt.windows.WPrinterJob"/>
    <property name="sun.os.patch.level" value=""/>
    <property name="java.library.path" value="C:\Program Files\Java\jdk-11.0.1\bin;C:\WINDOWS\Sun\Java\bin;C:\WINDOWS\system32;C:\WINDOWS;C:\Program Files (x86)\Common Files\Oracle\Java\javapath;C:\WINDOWS\system32;C:\WINDOWS;C:\WINDOWS\System32\Wbem;C:\WINDOWS\System32\WindowsPowerShell\v1.0\;C:\Program Files\dotnet\;C:\Program Files\Java\jdk-11.0.1\bin;C:\WINDOWS\System32\OpenSSH\;C:\Program Files (x86)\Microsoft SQL Server\Client SDK\ODBC\130\Tools\Binn\;C:\Program Files (x86)\Microsoft SQL Server\140\Tools\Binn\;C:\Program Files (x86)\Microsoft SQL Server\140\DTS\Binn\;C:\Program Files (x86)\Microsoft SQL Server\140\Tools\Binn\ManagementStudio\;D:\Java\List_Of_Jar\geckodriver;D:\Java\List_Of_Jar\chromedriver;C:\Program Files\Git\cmd;D:\Java\List_Of_Jar\Maven\apache-maven-3.6.0\bin;C:\Users\Bilal\AppData\Local\Programs\Python\Python37\Scripts\;C:\Users\Bilal\AppData\Local\Programs\Python\Python37\;C:\Users\Bilal\AppData\Local\Microsoft\WindowsApps;."/>
    <property name="java.vendor" value="Oracle Corporation"/>
    <property name="java.vm.info" value="mixed mode"/>
    <property name="java.vm.version" value="11.0.1+13-LTS"/>
    <property name="sun.io.unicode.encoding" value="UnicodeLittle"/>
    <property name="java.class.version" value="55.0"/>
  </properties>
  <testcase name="urlTest" classname="com.classiccrm.testcases.HomePageTest" time="0.01"/>
  <testcase name="titleTest" classname="com.classiccrm.testcases.HomePageTest" time="0.009"/>
  <testcase name="logoTest" classname="com.classiccrm.testcases.HomePageTest" time="0.041"/>
  <testcase name="loginTest" classname="com.classiccrm.testcases.HomePageTest" time="4.998"/>
  <testcase name="loginTest" classname="com.classiccrm.testcases.HomePageTest" time="3.749"/>
  <testcase name="testLogin" classname="com.classiccrm.testcases.LoginPageTest" time="4.472"/>
  <testcase name="testLogin" classname="com.classiccrm.testcases.LoginPageTest" time="1.513">
    <failure message="No frame element found by name or id mainpanel&#10;Build info: version: &apos;3.13.0&apos;, revision: &apos;2f0d292&apos;, time: &apos;2018-06-25T15:24:21.231Z&apos;&#10;System info: host: &apos;BILAL-PC&apos;, ip: &apos;192.168.1.6&apos;, os.name: &apos;Windows 10&apos;, os.arch: &apos;amd64&apos;, os.version: &apos;10.0&apos;, java.version: &apos;11.0.1&apos;&#10;Driver info: driver.version: unknown" type="org.openqa.selenium.NoSuchFrameException">org.openqa.selenium.NoSuchFrameException: 
No frame element found by name or id mainpanel
Build info: version: '3.13.0', revision: '2f0d292', time: '2018-06-25T15:24:21.231Z'
System info: host: 'BILAL-PC', ip: '192.168.1.6', os.name: 'Windows 10', os.arch: 'amd64', os.version: '10.0', java.version: '11.0.1'
Driver info: driver.version: unknown
	at com.classiccrm.testcases.LoginPageTest.testLogin(LoginPageTest.java:29)
</failure>
    <system-out><![CDATA[Trying to find Element By : By.xpath: //input[@placeholder='Username']
Found Element By : By.xpath: //input[@placeholder='Username']
Trying to find Element By : By.xpath: //input[@placeholder='Password']
Found Element By : By.xpath: //input[@placeholder='Password']
Trying to find Element By : By.xpath: //input[@value='Login']
Found Element By : By.xpath: //input[@value='Login']
Value of the:[[FirefoxDriver: firefox on WINDOWS (ff1f9df1-0713-4ab2-af1c-e27ef80b81a0)] -> xpath: //input[@placeholder='Username']] before any changes made
Element value changed to: [[FirefoxDriver: firefox on WINDOWS (ff1f9df1-0713-4ab2-af1c-e27ef80b81a0)] -> xpath: //input[@placeholder='Username']]
Value of the:[[FirefoxDriver: firefox on WINDOWS (ff1f9df1-0713-4ab2-af1c-e27ef80b81a0)] -> xpath: //input[@placeholder='Password']] before any changes made
Element value changed to: [[FirefoxDriver: firefox on WINDOWS (ff1f9df1-0713-4ab2-af1c-e27ef80b81a0)] -> xpath: //input[@placeholder='Password']]
Trying to click on: [[FirefoxDriver: firefox on WINDOWS (ff1f9df1-0713-4ab2-af1c-e27ef80b81a0)] -> xpath: //input[@value='Login']]
Clicked on: [[FirefoxDriver: firefox on WINDOWS (ff1f9df1-0713-4ab2-af1c-e27ef80b81a0)] -> xpath: //input[@value='Login']]
]]></system-out>
    <system-err><![CDATA[1554464106665	Marionette	INFO	Stopped listening on port 52394
[Child 1764, Chrome_ChildThread] WARNING: pipe error: 109: file z:/task_1552575759/build/src/ipc/chromium/src/chrome/common/ipc_channel_win.cc, line 341
[Child 1764, Chrome_ChildThread] WARNING: pipe error: 109: file z:/task_1552575759/build/src/ipc/chromium/src/chrome/common/ipc_channel_win.cc, line 34[Child 8120, Chrome_ChildThread] WARNING: pipe error: 109: file z:/task_1552575759/build/src/ipc/chromium/src/chrome/common/ipc_channel_win.cc, line 341
[GPU 5652,
###!!! [Child][RunMessage] Error: Channel closing: too late to send/recv, messages will be lost

 Chrome_ChildT[Parent 10156, Gecko_IOThread] WARNING: pipe error: 232: file z:/task_1552575759/build/src/ipc/chromium/src/chrome/common/ipc_channel_win.cc, line 502
1554464108740	mozrunner::runner	INFO	Running command: "C:\\Program Files\\Firefox Developer Edition\\firefox.exe" "-marionette" "-foreground" "-no-remote" "-profile" "C:\\Users\\Bilal\\AppData\\Local\\Temp\\rust_mozprofile.ibqduLGOYSQb"
1554464109423	addons.webextension.screenshots@mozilla.org	WARN	Loading extension 'screenshots@mozilla.org': Reading manifest: Invalid extension permission: mozillaAddons
1554464109423	addons.webextension.screenshots@mozilla.org	WARN	Loading extension 'screenshots@mozilla.org': Reading manifest: Invalid extension permission: resource://pdf.js/
1554464109423	addons.webextension.screenshots@mozilla.org	WARN	Loading extension 'screenshots@mozilla.org': Reading manifest: Invalid extension permission: about:reader*
1554464112292	Marionette	INFO	Listening on port 52449
1554464112590	Marionette	WARN	TLS certificate errors will be ignored for this session
avr. 05, 2019 1:35:12 PM org.openqa.selenium.remote.ProtocolHandshake createSession
INFO: Detected dialect: W3C
]]></system-err>
  </testcase>
  <testcase name="testLogin" classname="com.classiccrm.testcases.LoginPageTest" time="1.885">
    <failure message="No frame element found by name or id mainpanel&#10;Build info: version: &apos;3.13.0&apos;, revision: &apos;2f0d292&apos;, time: &apos;2018-06-25T15:24:21.231Z&apos;&#10;System info: host: &apos;BILAL-PC&apos;, ip: &apos;192.168.1.6&apos;, os.name: &apos;Windows 10&apos;, os.arch: &apos;amd64&apos;, os.version: &apos;10.0&apos;, java.version: &apos;11.0.1&apos;&#10;Driver info: driver.version: unknown" type="org.openqa.selenium.NoSuchFrameException">org.openqa.selenium.NoSuchFrameException: 
No frame element found by name or id mainpanel
Build info: version: '3.13.0', revision: '2f0d292', time: '2018-06-25T15:24:21.231Z'
System info: host: 'BILAL-PC', ip: '192.168.1.6', os.name: 'Windows 10', os.arch: 'amd64', os.version: '10.0', java.version: '11.0.1'
Driver info: driver.version: unknown
	at com.classiccrm.testcases.LoginPageTest.testLogin(LoginPageTest.java:29)
</failure>
    <system-out><![CDATA[Trying to find Element By : By.xpath: //input[@placeholder='Username']
Found Element By : By.xpath: //input[@placeholder='Username']
Trying to find Element By : By.xpath: //input[@placeholder='Password']
Found Element By : By.xpath: //input[@placeholder='Password']
Trying to find Element By : By.xpath: //input[@value='Login']
Found Element By : By.xpath: //input[@value='Login']
Value of the:[[FirefoxDriver: firefox on WINDOWS (d0d71834-7744-43f7-988a-745625176ff7)] -> xpath: //input[@placeholder='Username']] before any changes made
Element value changed to: [[FirefoxDriver: firefox on WINDOWS (d0d71834-7744-43f7-988a-745625176ff7)] -> xpath: //input[@placeholder='Username']]
Value of the:[[FirefoxDriver: firefox on WINDOWS (d0d71834-7744-43f7-988a-745625176ff7)] -> xpath: //input[@placeholder='Password']] before any changes made
Element value changed to: [[FirefoxDriver: firefox on WINDOWS (d0d71834-7744-43f7-988a-745625176ff7)] -> xpath: //input[@placeholder='Password']]
Trying to click on: [[FirefoxDriver: firefox on WINDOWS (d0d71834-7744-43f7-988a-745625176ff7)] -> xpath: //input[@value='Login']]
Clicked on: [[FirefoxDriver: firefox on WINDOWS (d0d71834-7744-43f7-988a-745625176ff7)] -> xpath: //input[@value='Login']]
]]></system-out>
    <system-err><![CDATA[1554464122417	Marionette	INFO	Stopped listening on port 52449
[Child 5924, Chrome_ChildThread] WARNING: pipe error: 109: file z:/task_1552575759/build/src/ipc/chromium/src/chrome/common/ipc_channel_win.cc, line 341
[Child 5924, Chrome_ChildThread] WARNING: pipe error: 109: file z:/task_1552575759/build/src/ipc/chromium/src/chrome/common/ipc_channel_win.cc, line 341
[Child 7408, Chrome_ChildThread] WARNING: pipe error: 109: file z:/task_1552575759/build/src/ipc/chromium/src/chrome/common/ipc_channel_win.cc, line 341
[Child 7408, Chrome_ChildThread] WARNING: pipe error: 109: file z:/task_1552575759/build/src/ipc/chromium/src/chrome/common/ipc_channel_win.cc, line 341

###!!! [Child][RunMessage] Error: Channel closing: too late to send/recv, messages will be lost

[GPU 6640, Chrome_ChildThread] WARNING: 
###!!! [Child][MessageChannel::SendAndWait] Error: (msgtype=0x540005,name=PImageBridge::Msg_WillClose) Channel error: cannot send/recv

1554464125056	mozrunner::runner	INFO	Running command: "C:\\Program Files\\Firefox Developer Edition\\firefox.exe" "-marionette" "-foreground" "-no-remote" "-profile" "C:\\Users\\Bilal\\AppData\\Local\\Temp\\rust_mozprofile.2lWZWgnaoxyA"
1554464125637	addons.webextension.screenshots@mozilla.org	WARN	Loading extension 'screenshots@mozilla.org': Reading manifest: Invalid extension permission: mozillaAddons
1554464125637	addons.webextension.screenshots@mozilla.org	WARN	Loading extension 'screenshots@mozilla.org': Reading manifest: Invalid extension permission: resource://pdf.js/
1554464125637	addons.webextension.screenshots@mozilla.org	WARN	Loading extension 'screenshots@mozilla.org': Reading manifest: Invalid extension permission: about:reader*
1554464128319	Marionette	INFO	Listening on port 52512
1554464128346	Marionette	WARN	TLS certificate errors will be ignored for this session
avr. 05, 2019 1:35:28 PM org.openqa.selenium.remote.ProtocolHandshake createSession
INFO: Detected dialect: W3C
]]></system-err>
  </testcase>
  <testcase name="testLogin" classname="com.classiccrm.testcases.LoginPageTest" time="1.445">
    <failure message="No frame element found by name or id mainpanel&#10;Build info: version: &apos;3.13.0&apos;, revision: &apos;2f0d292&apos;, time: &apos;2018-06-25T15:24:21.231Z&apos;&#10;System info: host: &apos;BILAL-PC&apos;, ip: &apos;192.168.1.6&apos;, os.name: &apos;Windows 10&apos;, os.arch: &apos;amd64&apos;, os.version: &apos;10.0&apos;, java.version: &apos;11.0.1&apos;&#10;Driver info: driver.version: unknown" type="org.openqa.selenium.NoSuchFrameException">org.openqa.selenium.NoSuchFrameException: 
No frame element found by name or id mainpanel
Build info: version: '3.13.0', revision: '2f0d292', time: '2018-06-25T15:24:21.231Z'
System info: host: 'BILAL-PC', ip: '192.168.1.6', os.name: 'Windows 10', os.arch: 'amd64', os.version: '10.0', java.version: '11.0.1'
Driver info: driver.version: unknown
	at com.classiccrm.testcases.LoginPageTest.testLogin(LoginPageTest.java:29)
</failure>
    <system-out><![CDATA[Trying to find Element By : By.xpath: //input[@placeholder='Username']
Found Element By : By.xpath: //input[@placeholder='Username']
Trying to find Element By : By.xpath: //input[@placeholder='Password']
Found Element By : By.xpath: //input[@placeholder='Password']
Trying to find Element By : By.xpath: //input[@value='Login']
Found Element By : By.xpath: //input[@value='Login']
Value of the:[[FirefoxDriver: firefox on WINDOWS (309bee60-04af-4955-971a-9e96d6935ae4)] -> xpath: //input[@placeholder='Username']] before any changes made
Element value changed to: [[FirefoxDriver: firefox on WINDOWS (309bee60-04af-4955-971a-9e96d6935ae4)] -> xpath: //input[@placeholder='Username']]
Value of the:[[FirefoxDriver: firefox on WINDOWS (309bee60-04af-4955-971a-9e96d6935ae4)] -> xpath: //input[@placeholder='Password']] before any changes made
Element value changed to: [[FirefoxDriver: firefox on WINDOWS (309bee60-04af-4955-971a-9e96d6935ae4)] -> xpath: //input[@placeholder='Password']]
Trying to click on: [[FirefoxDriver: firefox on WINDOWS (309bee60-04af-4955-971a-9e96d6935ae4)] -> xpath: //input[@value='Login']]
Clicked on: [[FirefoxDriver: firefox on WINDOWS (309bee60-04af-4955-971a-9e96d6935ae4)] -> xpath: //input[@value='Login']]
]]></system-out>
    <system-err><![CDATA[1554464137504	Marionette	INFO	Stopped listening on port 52512
IPDL protocol error: Handler returned error code!

###!!! [Parent][DispatchAsyncMessage] Error: PLayerTransaction::Msg_ReleaseLayer Processing error: message was deserialized, but the handler returned false (indicating failure)

IPDL protocol error: Handler returned error code!

###!!! [Parent][DispatchAsyncMessage] Error: PLayerTransaction::Msg_ReleaseLayer Processing error: message was deserialized, but the handler returned false (indicating failure)

IPDL protocol error: Handler returned error code!

###!!! [Parent][DispatchAsyncMessage] Error: PLayerTransaction::Msg_ReleaseLayer Processing error: message was deserialized, but the handler returned false (indicating failure)

IPDL protocol error: Handler returned error code!

###!!! [Parent][DispatchAsyncMessage] Error: PLayerTransaction::Msg_ReleaseLayer Processing error: message was deserialized, but the handler returned false (indicating failure)

IPDL protocol error: Handler returned error code!

###!!! [Parent][DispatchAsyncMessage] Error: PLayerTransaction::Msg_ReleaseLayer Processing error: message was deserialized, but the handler returned false (indicating failure)

IPDL protocol error: Handler returned error code!

###!!! [Parent][DispatchAsyncMessage] Error: PLayerTransaction::Msg_ReleaseLayer Processing error: message was deserialized, but the handler returned false (indicating failure)

IPDL protocol error: Handler returned error code!

###!!! [Parent][DispatchAsyncMessage] Error: PLayerTransaction::Msg_ReleaseLayer Processing error: message was deserialized, but the handler returned false (indicating failure)


###!!! [Child][RunMessage] Error: Channel closing: too late to send/recv, messages will be lost

[GPU 10944, Chrome_ChildThread] WARNING: pipe err[Parent 1608, Gecko_IOThread] WARNING: pipe error: 232: file z:/task_1552575759/build/src/ipc/chromium/src/chrome/common/ipc_channel_win.cc, line 502

###!!! [Child][MessageChannel::SendAndWait] Error: Channel error: cannot send/recv

1554464139680	mozrunner::runner	INFO	Running command: "C:\\Program Files\\Firefox Developer Edition\\firefox.exe" "-marionette" "-foreground" "-no-remote" "-profile" "C:\\Users\\Bilal\\AppData\\Local\\Temp\\rust_mozprofile.BxIvOAz2xOT3"
1554464140266	addons.webextension.screenshots@mozilla.org	WARN	Loading extension 'screenshots@mozilla.org': Reading manifest: Invalid extension permission: mozillaAddons
1554464140267	addons.webextension.screenshots@mozilla.org	WARN	Loading extension 'screenshots@mozilla.org': Reading manifest: Invalid extension permission: resource://pdf.js/
1554464140267	addons.webextension.screenshots@mozilla.org	WARN	Loading extension 'screenshots@mozilla.org': Reading manifest: Invalid extension permission: about:reader*
1554464143218	Marionette	INFO	Listening on port 52569
1554464143524	Marionette	WARN	TLS certificate errors will be ignored for this session
avr. 05, 2019 1:35:43 PM org.openqa.selenium.remote.ProtocolHandshake createSession
INFO: Detected dialect: W3C
]]></system-err>
  </testcase>
  <testcase name="testLogin" classname="com.classiccrm.testcases.LoginPageTest" time="4.719"/>
  <testcase name="testLogin" classname="com.classiccrm.testcases.LoginPageTest" time="1.661">
    <failure message="No frame element found by name or id mainpanel&#10;Build info: version: &apos;3.13.0&apos;, revision: &apos;2f0d292&apos;, time: &apos;2018-06-25T15:24:21.231Z&apos;&#10;System info: host: &apos;BILAL-PC&apos;, ip: &apos;192.168.1.6&apos;, os.name: &apos;Windows 10&apos;, os.arch: &apos;amd64&apos;, os.version: &apos;10.0&apos;, java.version: &apos;11.0.1&apos;&#10;Driver info: driver.version: unknown" type="org.openqa.selenium.NoSuchFrameException">org.openqa.selenium.NoSuchFrameException: 
No frame element found by name or id mainpanel
Build info: version: '3.13.0', revision: '2f0d292', time: '2018-06-25T15:24:21.231Z'
System info: host: 'BILAL-PC', ip: '192.168.1.6', os.name: 'Windows 10', os.arch: 'amd64', os.version: '10.0', java.version: '11.0.1'
Driver info: driver.version: unknown
	at com.classiccrm.testcases.LoginPageTest.testLogin(LoginPageTest.java:29)
</failure>
    <system-out><![CDATA[Trying to find Element By : By.xpath: //input[@placeholder='Username']
Found Element By : By.xpath: //input[@placeholder='Username']
Trying to find Element By : By.xpath: //input[@placeholder='Password']
Found Element By : By.xpath: //input[@placeholder='Password']
Trying to find Element By : By.xpath: //input[@value='Login']
Found Element By : By.xpath: //input[@value='Login']
Value of the:[[FirefoxDriver: firefox on WINDOWS (0d49bfaf-4ebf-4fc0-be8e-fc99008a740a)] -> xpath: //input[@placeholder='Username']] before any changes made
Element value changed to: [[FirefoxDriver: firefox on WINDOWS (0d49bfaf-4ebf-4fc0-be8e-fc99008a740a)] -> xpath: //input[@placeholder='Username']]
Value of the:[[FirefoxDriver: firefox on WINDOWS (0d49bfaf-4ebf-4fc0-be8e-fc99008a740a)] -> xpath: //input[@placeholder='Password']] before any changes made
Element value changed to: [[FirefoxDriver: firefox on WINDOWS (0d49bfaf-4ebf-4fc0-be8e-fc99008a740a)] -> xpath: //input[@placeholder='Password']]
Trying to click on: [[FirefoxDriver: firefox on WINDOWS (0d49bfaf-4ebf-4fc0-be8e-fc99008a740a)] -> xpath: //input[@value='Login']]
Clicked on: [[FirefoxDriver: firefox on WINDOWS (0d49bfaf-4ebf-4fc0-be8e-fc99008a740a)] -> xpath: //input[@value='Login']]
]]></system-out>
    <system-err><![CDATA[1554464171337	Marionette	INFO	Stopped listening on port 52632
[Child 5252, Chrome_ChildThread] WARNING: pipe error: 109: file z:/task_1552575759/build/src/ipc/chromium/src/chrome/common/ipc_channel_win.cc, line 341
[Child 5252, Chrome_ChildThread] WARNING: pipe error: 109: file z:/task_1552575759/build/src/ipc/chromium/src/chrome/common/ipc_channel_win.cc, line 341
[Child 5688, Chrome_ChildThread] WARNING: pipe error: 109: file z:/task_1552575759/build/src/ipc/chromium/src/chrome/common/ipc_channel_win.cc, line 341
[Child 5688, Chrome_ChildThread] WARNING: pipe error: 109: f[Parent 2292, Gecko_IOThread] WARNING: pipe error: 109: file z:/task_1552575759/build/src/ipc/chromium/src/chrome/common/ipc_channel_win.cc, line 341

###!!! [Child][RunMessage] Error: Channel closing: too late to send/recv, messages will be lost

[GPU 6960, Chrome_ChildThread] WARNING: pipe error: 109: file z:/task_1552575759/build/src/ipc/chromium/src/chrome/common/ipc_chann
###!!! [Child][MessageChannel::SendAndWait] Error: Channel error: cannot send/recv

1554464174081	mozrunner::runner	INFO	Running command: "C:\\Program Files\\Firefox Developer Edition\\firefox.exe" "-marionette" "-foreground" "-no-remote" "-profile" "C:\\Users\\Bilal\\AppData\\Local\\Temp\\rust_mozprofile.qzPKKYMcCOtc"
1554464174636	addons.webextension.screenshots@mozilla.org	WARN	Loading extension 'screenshots@mozilla.org': Reading manifest: Invalid extension permission: mozillaAddons
1554464174636	addons.webextension.screenshots@mozilla.org	WARN	Loading extension 'screenshots@mozilla.org': Reading manifest: Invalid extension permission: resource://pdf.js/
1554464174636	addons.webextension.screenshots@mozilla.org	WARN	Loading extension 'screenshots@mozilla.org': Reading manifest: Invalid extension permission: about:reader*
1554464177317	Marionette	INFO	Listening on port 52717
1554464177330	Marionette	WARN	TLS certificate errors will be ignored for this session
avr. 05, 2019 1:36:17 PM org.openqa.selenium.remote.ProtocolHandshake createSession
INFO: Detected dialect: W3C
]]></system-err>
  </testcase>
  <testcase name="testLogin" classname="com.classiccrm.testcases.LoginPageTest" time="1.469">
    <failure message="No frame element found by name or id mainpanel&#10;Build info: version: &apos;3.13.0&apos;, revision: &apos;2f0d292&apos;, time: &apos;2018-06-25T15:24:21.231Z&apos;&#10;System info: host: &apos;BILAL-PC&apos;, ip: &apos;192.168.1.6&apos;, os.name: &apos;Windows 10&apos;, os.arch: &apos;amd64&apos;, os.version: &apos;10.0&apos;, java.version: &apos;11.0.1&apos;&#10;Driver info: driver.version: unknown" type="org.openqa.selenium.NoSuchFrameException">org.openqa.selenium.NoSuchFrameException: 
No frame element found by name or id mainpanel
Build info: version: '3.13.0', revision: '2f0d292', time: '2018-06-25T15:24:21.231Z'
System info: host: 'BILAL-PC', ip: '192.168.1.6', os.name: 'Windows 10', os.arch: 'amd64', os.version: '10.0', java.version: '11.0.1'
Driver info: driver.version: unknown
	at com.classiccrm.testcases.LoginPageTest.testLogin(LoginPageTest.java:29)
</failure>
    <system-out><![CDATA[Trying to find Element By : By.xpath: //input[@placeholder='Username']
Found Element By : By.xpath: //input[@placeholder='Username']
Trying to find Element By : By.xpath: //input[@placeholder='Password']
Found Element By : By.xpath: //input[@placeholder='Password']
Trying to find Element By : By.xpath: //input[@value='Login']
Found Element By : By.xpath: //input[@value='Login']
Value of the:[[FirefoxDriver: firefox on WINDOWS (85fa3059-2633-47a4-a012-5a3b479b7d41)] -> xpath: //input[@placeholder='Username']] before any changes made
Element value changed to: [[FirefoxDriver: firefox on WINDOWS (85fa3059-2633-47a4-a012-5a3b479b7d41)] -> xpath: //input[@placeholder='Username']]
Value of the:[[FirefoxDriver: firefox on WINDOWS (85fa3059-2633-47a4-a012-5a3b479b7d41)] -> xpath: //input[@placeholder='Password']] before any changes made
Element value changed to: [[FirefoxDriver: firefox on WINDOWS (85fa3059-2633-47a4-a012-5a3b479b7d41)] -> xpath: //input[@placeholder='Password']]
Trying to click on: [[FirefoxDriver: firefox on WINDOWS (85fa3059-2633-47a4-a012-5a3b479b7d41)] -> xpath: //input[@value='Login']]
Clicked on: [[FirefoxDriver: firefox on WINDOWS (85fa3059-2633-47a4-a012-5a3b479b7d41)] -> xpath: //input[@value='Login']]
]]></system-out>
    <system-err><![CDATA[1554464187130	Marionette	INFO	Stopped listening on port 52717
IPDL protocol error: Handler returned error code!

###!!! [Parent][DispatchAsyncMessage] Error: PLayerTransaction::Msg_ReleaseLayer Processing error: message was deserialized, but the handler returned false (indicating failure)

[Child 2892, Chrome_ChildThread] WARNING: pipe error: 109: file z:/task_1552575759/build/src/ipc/chromium/src/chrome/common/ipc_channel_win.cc, line 341
[Child 2892, Chrome_ChildThread] WARNING: pipe error: 109: file z:/task_1552575759/build[Child 7884, Chrome_ChildThread] WARNING: pipe error: 109: file z:/task_1552575759/build/src/ipc/chromium/src/chrome/common/ipc_channel_win.cc, line 341
[Child 7884, Chrome_ChildThread] WARNING: pipe error: 109: file z:/task_1552575759/build/src/ipc/chromium/src/chrome/common/ipc_channel_win.cc, line 341

###!!! [Child][RunMessage] Error: Channel closing: too late to send/recv, messages will be lost

[GPU 5652, Chrome_ChildThread] WARNING: pipe error: 109: file z:1554464189440	mozrunner::runner	INFO	Running command: "C:\\Program Files\\Firefox Developer Edition\\firefox.exe" "-marionette" "-foreground" "-no-remote" "-profile" "C:\\Users\\Bilal\\AppData\\Local\\Temp\\rust_mozprofile.pokKBqOqeRN7"
1554464190024	addons.webextension.screenshots@mozilla.org	WARN	Loading extension 'screenshots@mozilla.org': Reading manifest: Invalid extension permission: mozillaAddons
1554464190024	addons.webextension.screenshots@mozilla.org	WARN	Loading extension 'screenshots@mozilla.org': Reading manifest: Invalid extension permission: resource://pdf.js/
1554464190024	addons.webextension.screenshots@mozilla.org	WARN	Loading extension 'screenshots@mozilla.org': Reading manifest: Invalid extension permission: about:reader*
1554464193131	Marionette	INFO	Listening on port 52781
1554464193277	Marionette	WARN	TLS certificate errors will be ignored for this session
avr. 05, 2019 1:36:33 PM org.openqa.selenium.remote.ProtocolHandshake createSession
INFO: Detected dialect: W3C
]]></system-err>
  </testcase>
  <testcase name="testAddContact" classname="com.classiccrm.testcases.ContactPageTest" time="6.539"/>
  <testcase name="testAddContact" classname="com.classiccrm.testcases.ContactPageTest" time="7.245"/>
  <testcase name="testAddContact" classname="com.classiccrm.testcases.ContactPageTest" time="6.856"/>
  <testcase name="testAddContact" classname="com.classiccrm.testcases.ContactPageTest" time="7.353"/>
  <testcase name="testAddContact" classname="com.classiccrm.testcases.ContactPageTest" time="7.483"/>
  <testcase name="testAddContact" classname="com.classiccrm.testcases.ContactPageTest" time="7.515"/>
  <testcase name="testAddContact" classname="com.classiccrm.testcases.ContactPageTest" time="6.802"/>
  <testcase name="testAddContact" classname="com.classiccrm.testcases.ContactPageTest" time="6.567"/>
  <testcase name="testAddContact" classname="com.classiccrm.testcases.ContactPageTest" time="7.065"/>
  <testcase name="testAddContact" classname="com.classiccrm.testcases.ContactPageTest" time="6.819"/>
</testsuite>