<?xml version="1.0" encoding="UTF-8"?>
<!-- Generated by org.testng.reporters.JUnitReportReporter -->
<testsuite hostname="Bilal-PC" name="com.classiccrm.testcases.HomePageTest" tests="4" failures="0" timestamp="7 Apr 2019 20:37:32 GMT" time="47.591" errors="0">
  <testcase name="titleTest" time="11.150" classname="com.classiccrm.testcases.HomePageTest"/>
  <testcase name="urlTest" time="11.689" classname="com.classiccrm.testcases.HomePageTest"/>
  <testcase name="pricingTest" time="13.797" classname="com.classiccrm.testcases.HomePageTest"/>
  <testcase name="logoTest" time="10.955" classname="com.classiccrm.testcases.HomePageTest"/>
</testsuite> <!-- com.classiccrm.testcases.HomePageTest -->
