<?xml version="1.0" encoding="UTF-8"?>
<!-- Generated by org.testng.reporters.JUnitReportReporter -->
<testsuite hostname="Bilal-PC" name="com.classiccrm.testcases.LoginPageTest" tests="6" failures="0" timestamp="6 Apr 2019 19:54:53 GMT" time="108.233" errors="0">
  <testcase name="accountLabelTest" time="19.604" classname="com.classiccrm.testcases.LoginPageTest"/>
  <testcase name="loginTest" time="19.216" classname="com.classiccrm.testcases.LoginPageTest"/>
  <testcase name="validLoginTest" time="19.502" classname="com.classiccrm.testcases.LoginPageTest"/>
  <testcase name="invalidLoginTest" time="16.260" classname="com.classiccrm.testcases.LoginPageTest"/>
  <testcase name="invalidLoginTest" time="16.729" classname="com.classiccrm.testcases.LoginPageTest"/>
  <testcase name="invalidLoginTest" time="16.922" classname="com.classiccrm.testcases.LoginPageTest"/>
</testsuite> <!-- com.classiccrm.testcases.LoginPageTest -->
