<?xml version="1.0" encoding="UTF-8"?>
<!-- Generated by org.testng.reporters.JUnitReportReporter -->
<testsuite hostname="Bilal-PC" name="com.classiccrm.testcases.ContactPageTest" tests="5" failures="0" timestamp="7 Apr 2019 17:06:41 GMT" time="103.993" errors="0">
  <testcase name="addNewContactTest" time="20.508" classname="com.classiccrm.testcases.ContactPageTest"/>
  <testcase name="addNewContactTest" time="21.241" classname="com.classiccrm.testcases.ContactPageTest"/>
  <testcase name="addNewContactTest" time="21.052" classname="com.classiccrm.testcases.ContactPageTest"/>
  <testcase name="addNewContactTest" time="19.356" classname="com.classiccrm.testcases.ContactPageTest"/>
  <testcase name="addNewContactTest" time="21.836" classname="com.classiccrm.testcases.ContactPageTest"/>
</testsuite> <!-- com.classiccrm.testcases.ContactPageTest -->
