<?xml version="1.0" encoding="UTF-8"?>
<!-- Generated by org.testng.reporters.JUnitReportReporter -->
<testsuite hostname="Bilal-PC" name="com.classiccrm.testcases.HomePageTest" tests="4" failures="0" timestamp="13 Apr 2019 20:25:49 GMT" time="53.119" errors="0">
  <testcase name="titleTest" time="12.470" classname="com.classiccrm.testcases.HomePageTest"/>
  <testcase name="logoTest" time="13.128" classname="com.classiccrm.testcases.HomePageTest"/>
  <testcase name="pricingTest" time="15.534" classname="com.classiccrm.testcases.HomePageTest"/>
  <testcase name="urlTest" time="11.987" classname="com.classiccrm.testcases.HomePageTest"/>
</testsuite> <!-- com.classiccrm.testcases.HomePageTest -->
