<?xml version="1.0" encoding="UTF-8"?>
<!-- Generated by org.testng.reporters.JUnitReportReporter -->
<testsuite hostname="Bilal-PC" name="com.classiccrm.testcases.ContactPageTest" tests="10" failures="0" timestamp="5 Apr 2019 15:55:44 GMT" time="217.833" errors="0">
  <testcase name="testAddContact" time="24.603" classname="com.classiccrm.testcases.ContactPageTest"/>
  <testcase name="testAddContact" time="22.576" classname="com.classiccrm.testcases.ContactPageTest"/>
  <testcase name="testAddContact" time="21.838" classname="com.classiccrm.testcases.ContactPageTest"/>
  <testcase name="testAddContact" time="22.150" classname="com.classiccrm.testcases.ContactPageTest"/>
  <testcase name="testAddContact" time="19.462" classname="com.classiccrm.testcases.ContactPageTest"/>
  <testcase name="testAddContact" time="20.952" classname="com.classiccrm.testcases.ContactPageTest"/>
  <testcase name="testAddContact" time="21.753" classname="com.classiccrm.testcases.ContactPageTest"/>
  <testcase name="testAddContact" time="21.300" classname="com.classiccrm.testcases.ContactPageTest"/>
  <testcase name="testAddContact" time="20.878" classname="com.classiccrm.testcases.ContactPageTest"/>
  <testcase name="testAddContact" time="22.321" classname="com.classiccrm.testcases.ContactPageTest"/>
</testsuite> <!-- com.classiccrm.testcases.ContactPageTest -->
