<?xml version="1.0" encoding="UTF-8"?>
<!-- Generated by org.testng.reporters.JUnitReportReporter -->
<testsuite hostname="Bilal-PC" name="com.classiccrm.testcases.HomePageTest" tests="1" failures="0" timestamp="6 Apr 2019 13:54:55 GMT" time="19.618" errors="0">
  <testcase name="validLoginTest" time="19.618" classname="com.classiccrm.testcases.HomePageTest"/>
</testsuite> <!-- com.classiccrm.testcases.HomePageTest -->
