<?xml version="1.0" encoding="UTF-8"?>
<!-- Generated by org.testng.reporters.JUnitReportReporter -->
<testsuite hostname="Bilal-PC" name="com.classiccrm.testcases.HomePageTest" tests="4" failures="0" timestamp="7 Apr 2019 17:06:41 GMT" time="66.117" errors="0">
  <testcase name="pricingTest" time="17.510" classname="com.classiccrm.testcases.HomePageTest"/>
  <testcase name="logoTest" time="16.115" classname="com.classiccrm.testcases.HomePageTest"/>
  <testcase name="urlTest" time="17.989" classname="com.classiccrm.testcases.HomePageTest"/>
  <testcase name="titleTest" time="14.503" classname="com.classiccrm.testcases.HomePageTest"/>
</testsuite> <!-- com.classiccrm.testcases.HomePageTest -->
