<?xml version="1.0" encoding="UTF-8"?>
<!-- Generated by org.testng.reporters.JUnitReportReporter -->
<testsuite hostname="Bilal-PC" name="com.classiccrm.testcases.LoginPageTest" tests="6" failures="0" timestamp="7 Apr 2019 20:29:04 GMT" time="80.171" errors="0">
  <testcase name="invalidLoginTest" time="12.002" classname="com.classiccrm.testcases.LoginPageTest"/>
  <testcase name="validLoginTest" time="14.418" classname="com.classiccrm.testcases.LoginPageTest"/>
  <testcase name="loginTest" time="15.408" classname="com.classiccrm.testcases.LoginPageTest"/>
  <testcase name="accountLabelTest" time="13.620" classname="com.classiccrm.testcases.LoginPageTest"/>
  <testcase name="invalidLoginTest" time="11.960" classname="com.classiccrm.testcases.LoginPageTest"/>
  <testcase name="invalidLoginTest" time="12.763" classname="com.classiccrm.testcases.LoginPageTest"/>
</testsuite> <!-- com.classiccrm.testcases.LoginPageTest -->
