<?xml version="1.0" encoding="UTF-8"?>
<!-- Generated by org.testng.reporters.JUnitReportReporter -->
<testsuite hostname="Bilal-PC" name="com.classiccrm.testcases.LoginPageTest" tests="4" failures="1" timestamp="13 Apr 2019 20:25:49 GMT" time="46.098" errors="0">
  <testcase name="accountLabelTest" time="15.283" classname="com.classiccrm.testcases.LoginPageTest"/>
  <testcase name="validLoginTest" time="14.589" classname="com.classiccrm.testcases.LoginPageTest"/>
  <testcase name="invalidLoginTest" time="10.714" classname="com.classiccrm.testcases.LoginPageTest">
    <failure type="java.lang.RuntimeException" message="org.apache.poi.POIXMLException: org.apache.poi.openxml4j.exceptions.InvalidFormatException: OPC Compliance error [M4.1]: there is more than one core properties relationship in the package !">
      <![CDATA[java.lang.RuntimeException: org.apache.poi.POIXMLException: org.apache.poi.openxml4j.exceptions.InvalidFormatException: OPC Compliance error [M4.1]: there is more than one core properties relationship in the package !
	at org.testng.internal.MethodInvocationHelper.invokeDataProvider(MethodInvocationHelper.java:161)
	at org.testng.internal.Parameters.handleParameters(Parameters.java:429)
	at org.testng.internal.Invoker.handleParameters(Invoker.java:1383)
	at org.testng.internal.Invoker.createParameters(Invoker.java:1075)
	at org.testng.internal.Invoker.invokeTestMethods(Invoker.java:1180)
	at org.testng.internal.TestMethodWorker.invokeTestMethods(TestMethodWorker.java:127)
	at org.testng.internal.TestMethodWorker.run(TestMethodWorker.java:111)
	at org.testng.TestRunner.privateRun(TestRunner.java:767)
	at org.testng.TestRunner.run(TestRunner.java:617)
	at org.testng.SuiteRunner.runTest(SuiteRunner.java:348)
	at org.testng.SuiteRunner.runSequentially(SuiteRunner.java:343)
	at org.testng.SuiteRunner.privateRun(SuiteRunner.java:305)
	at org.testng.SuiteRunner.run(SuiteRunner.java:254)
	at org.testng.SuiteRunnerWorker.runSuite(SuiteRunnerWorker.java:52)
	at org.testng.SuiteRunnerWorker.run(SuiteRunnerWorker.java:86)
	at org.testng.TestNG.runSuitesSequentially(TestNG.java:1224)
	at org.testng.TestNG.runSuitesLocally(TestNG.java:1149)
	at org.testng.TestNG.run(TestNG.java:1057)
	at org.testng.remote.AbstractRemoteTestNG.run(AbstractRemoteTestNG.java:115)
	at org.testng.remote.RemoteTestNG.initAndRun(RemoteTestNG.java:251)
	at org.testng.remote.RemoteTestNG.main(RemoteTestNG.java:77)
Caused by: org.apache.poi.POIXMLException: org.apache.poi.openxml4j.exceptions.InvalidFormatException: OPC Compliance error [M4.1]: there is more than one core properties relationship in the package !
	at org.apache.poi.util.PackageHelper.open(PackageHelper.java:41)
	at org.apache.poi.xssf.usermodel.XSSFWorkbook.<init>(XSSFWorkbook.java:178)
	at com.classiccrm.testdata.Data.invalidLoginTestData(Data.java:17)
	at com.classiccrm.testcases.LoginPageTest.invalidLogin(LoginPageTest.java:89)
	at sun.reflect.NativeMethodAccessorImpl.invoke0(Native Method)
	at sun.reflect.NativeMethodAccessorImpl.invoke(Unknown Source)
	at sun.reflect.DelegatingMethodAccessorImpl.invoke(Unknown Source)
	at java.lang.reflect.Method.invoke(Unknown Source)
	at org.testng.internal.MethodInvocationHelper.invokeMethod(MethodInvocationHelper.java:84)
	at org.testng.internal.MethodInvocationHelper.invokeDataProvider(MethodInvocationHelper.java:135)
	... 20 more
Caused by: org.apache.poi.openxml4j.exceptions.InvalidFormatException: OPC Compliance error [M4.1]: there is more than one core properties relationship in the package !
	at org.apache.poi.openxml4j.opc.OPCPackage.getParts(OPCPackage.java:630)
	at org.apache.poi.openxml4j.opc.OPCPackage.open(OPCPackage.java:229)
	at org.apache.poi.util.PackageHelper.open(PackageHelper.java:39)
	... 29 more
]]>
    </failure>
  </testcase> <!-- invalidLoginTest -->
  <testcase name="loginTest" time="5.512" classname="com.classiccrm.testcases.LoginPageTest"/>
</testsuite> <!-- com.classiccrm.testcases.LoginPageTest -->
