<?xml version="1.0" encoding="UTF-8"?>
<!-- Generated by org.testng.reporters.JUnitReportReporter -->
<testsuite hostname="Bilal-PC" name="com.classiccrm.testcases.HomePageTest" tests="4" failures="0" timestamp="6 Apr 2019 19:52:39 GMT" time="65.990" errors="0">
  <testcase name="logoTest" time="15.671" classname="com.classiccrm.testcases.HomePageTest"/>
  <testcase name="urlTest" time="14.998" classname="com.classiccrm.testcases.HomePageTest"/>
  <testcase name="pricingTest" time="20.048" classname="com.classiccrm.testcases.HomePageTest"/>
  <testcase name="titleTest" time="15.273" classname="com.classiccrm.testcases.HomePageTest"/>
</testsuite> <!-- com.classiccrm.testcases.HomePageTest -->
