<?xml version="1.0" encoding="UTF-8"?>
<!-- Generated by org.testng.reporters.JUnitReportReporter -->
<testsuite hostname="Bilal-PC" name="com.classiccrm.testcases.LoginPageTest" tests="6" failures="0" timestamp="7 Apr 2019 17:06:41 GMT" time="98.864" errors="0">
  <testcase name="invalidLoginTest" time="14.683" classname="com.classiccrm.testcases.LoginPageTest"/>
  <testcase name="invalidLoginTest" time="15.661" classname="com.classiccrm.testcases.LoginPageTest"/>
  <testcase name="validLoginTest" time="18.418" classname="com.classiccrm.testcases.LoginPageTest"/>
  <testcase name="invalidLoginTest" time="15.306" classname="com.classiccrm.testcases.LoginPageTest"/>
  <testcase name="accountLabelTest" time="17.549" classname="com.classiccrm.testcases.LoginPageTest"/>
  <testcase name="loginTest" time="17.247" classname="com.classiccrm.testcases.LoginPageTest"/>
</testsuite> <!-- com.classiccrm.testcases.LoginPageTest -->
