<?xml version="1.0" encoding="UTF-8"?>
<!-- Generated by org.testng.reporters.JUnitReportReporter -->
<testsuite hostname="Bilal-PC" name="com.classiccrm.testcases.ContactPageTest" tests="5" failures="0" timestamp="7 Apr 2019 20:29:04 GMT" time="93.242" errors="0">
  <testcase name="addNewContactTest" time="17.389" classname="com.classiccrm.testcases.ContactPageTest"/>
  <testcase name="addNewContactTest" time="20.065" classname="com.classiccrm.testcases.ContactPageTest"/>
  <testcase name="addNewContactTest" time="19.527" classname="com.classiccrm.testcases.ContactPageTest"/>
  <testcase name="addNewContactTest" time="17.309" classname="com.classiccrm.testcases.ContactPageTest"/>
  <testcase name="addNewContactTest" time="18.952" classname="com.classiccrm.testcases.ContactPageTest"/>
</testsuite> <!-- com.classiccrm.testcases.ContactPageTest -->
