<?xml version="1.0" encoding="UTF-8"?>
<!-- Generated by org.testng.reporters.JUnitReportReporter -->
<testsuite hostname="Bilal-PC" failures="0" tests="4" name="com.classiccrm.testcases.HomePageTest" time="52.240" errors="0" timestamp="13 Apr 2019 20:39:58 GMT">
  <testcase classname="com.classiccrm.testcases.HomePageTest" name="urlTest" time="12.432"/>
  <testcase classname="com.classiccrm.testcases.HomePageTest" name="pricingTest" time="15.135"/>
  <testcase classname="com.classiccrm.testcases.HomePageTest" name="titleTest" time="11.872"/>
  <testcase classname="com.classiccrm.testcases.HomePageTest" name="logoTest" time="12.801"/>
</testsuite> <!-- com.classiccrm.testcases.HomePageTest -->
