<?xml version="1.0" encoding="UTF-8"?>
<!-- Generated by org.testng.reporters.JUnitReportReporter -->
<testsuite hostname="Bilal-PC" failures="0" tests="6" name="com.classiccrm.testcases.LoginPageTest" time="102.576" errors="0" timestamp="7 Apr 2019 13:33:27 GMT">
  <testcase classname="com.classiccrm.testcases.LoginPageTest" name="validLoginTest" time="22.346"/>
  <testcase classname="com.classiccrm.testcases.LoginPageTest" name="loginTest" time="16.848"/>
  <testcase classname="com.classiccrm.testcases.LoginPageTest" name="invalidLoginTest" time="14.695"/>
  <testcase classname="com.classiccrm.testcases.LoginPageTest" name="accountLabelTest" time="18.486"/>
  <testcase classname="com.classiccrm.testcases.LoginPageTest" name="invalidLoginTest" time="14.966"/>
  <testcase classname="com.classiccrm.testcases.LoginPageTest" name="invalidLoginTest" time="15.235"/>
</testsuite> <!-- com.classiccrm.testcases.LoginPageTest -->
