<?xml version="1.0" encoding="UTF-8"?>
<!-- Generated by org.testng.reporters.JUnitReportReporter -->
<testsuite hostname="Bilal-PC" failures="0" tests="5" name="com.classiccrm.testcases.HomePageTest" time="80.920" errors="0" timestamp="5 Apr 2019 11:40:14 GMT">
  <testcase classname="com.classiccrm.testcases.HomePageTest" name="logoTest" time="14.444"/>
  <testcase classname="com.classiccrm.testcases.HomePageTest" name="titleTest" time="16.779"/>
  <testcase classname="com.classiccrm.testcases.HomePageTest" name="loginTest" time="18.454"/>
  <testcase classname="com.classiccrm.testcases.HomePageTest" name="loginTest" time="16.955"/>
  <testcase classname="com.classiccrm.testcases.HomePageTest" name="urlTest" time="14.288"/>
</testsuite> <!-- com.classiccrm.testcases.HomePageTest -->
