<?xml version="1.0" encoding="UTF-8"?>
<!-- Generated by org.testng.reporters.JUnitReportReporter -->
<testsuite hostname="Bilal-PC" failures="0" tests="4" name="com.classiccrm.testcases.HomePageTest" time="72.352" errors="0" timestamp="7 Apr 2019 13:33:27 GMT">
  <testcase classname="com.classiccrm.testcases.HomePageTest" name="logoTest" time="15.851"/>
  <testcase classname="com.classiccrm.testcases.HomePageTest" name="titleTest" time="20.177"/>
  <testcase classname="com.classiccrm.testcases.HomePageTest" name="urlTest" time="15.322"/>
  <testcase classname="com.classiccrm.testcases.HomePageTest" name="pricingTest" time="21.002"/>
</testsuite> <!-- com.classiccrm.testcases.HomePageTest -->
