<?xml version="1.0" encoding="UTF-8"?>
<!-- Generated by org.testng.reporters.JUnitReportReporter -->
<testsuite hostname="Bilal-PC" failures="0" tests="10" name="com.classiccrm.testcases.ContactPageTest" time="208.321" errors="0" timestamp="5 Apr 2019 11:40:13 GMT">
  <testcase classname="com.classiccrm.testcases.ContactPageTest" name="testAddContact" time="21.891"/>
  <testcase classname="com.classiccrm.testcases.ContactPageTest" name="testAddContact" time="19.759"/>
  <testcase classname="com.classiccrm.testcases.ContactPageTest" name="testAddContact" time="21.545"/>
  <testcase classname="com.classiccrm.testcases.ContactPageTest" name="testAddContact" time="20.908"/>
  <testcase classname="com.classiccrm.testcases.ContactPageTest" name="testAddContact" time="20.209"/>
  <testcase classname="com.classiccrm.testcases.ContactPageTest" name="testAddContact" time="21.546"/>
  <testcase classname="com.classiccrm.testcases.ContactPageTest" name="testAddContact" time="19.398"/>
  <testcase classname="com.classiccrm.testcases.ContactPageTest" name="testAddContact" time="21.175"/>
  <testcase classname="com.classiccrm.testcases.ContactPageTest" name="testAddContact" time="21.630"/>
  <testcase classname="com.classiccrm.testcases.ContactPageTest" name="testAddContact" time="20.260"/>
</testsuite> <!-- com.classiccrm.testcases.ContactPageTest -->
