<?xml version="1.0" encoding="UTF-8"?>
<!-- Generated by org.testng.reporters.JUnitReportReporter -->
<testsuite hostname="Bilal-PC" failures="0" tests="4" name="com.classiccrm.testcases.HomePageTest" time="47.893" errors="0" timestamp="7 Apr 2019 20:44:47 GMT">
  <testcase classname="com.classiccrm.testcases.HomePageTest" name="logoTest" time="11.109"/>
  <testcase classname="com.classiccrm.testcases.HomePageTest" name="pricingTest" time="13.556"/>
  <testcase classname="com.classiccrm.testcases.HomePageTest" name="urlTest" time="12.128"/>
  <testcase classname="com.classiccrm.testcases.HomePageTest" name="titleTest" time="11.100"/>
</testsuite> <!-- com.classiccrm.testcases.HomePageTest -->
