<?xml version="1.0" encoding="UTF-8"?>
<!-- Generated by org.testng.reporters.JUnitReportReporter -->
<testsuite hostname="Bilal-PC" failures="0" tests="6" name="com.classiccrm.testcases.LoginPageTest" time="79.742" errors="0" timestamp="7 Apr 2019 20:44:47 GMT">
  <testcase classname="com.classiccrm.testcases.LoginPageTest" name="accountLabelTest" time="14.281"/>
  <testcase classname="com.classiccrm.testcases.LoginPageTest" name="invalidLoginTest" time="12.001"/>
  <testcase classname="com.classiccrm.testcases.LoginPageTest" name="validLoginTest" time="13.976"/>
  <testcase classname="com.classiccrm.testcases.LoginPageTest" name="invalidLoginTest" time="12.430"/>
  <testcase classname="com.classiccrm.testcases.LoginPageTest" name="invalidLoginTest" time="11.577"/>
  <testcase classname="com.classiccrm.testcases.LoginPageTest" name="loginTest" time="15.477"/>
</testsuite> <!-- com.classiccrm.testcases.LoginPageTest -->
