<?xml version="1.0" encoding="UTF-8"?>
<!-- Generated by org.testng.reporters.JUnitReportReporter -->
<testsuite hostname="Bilal-PC" failures="0" tests="5" name="com.classiccrm.testcases.ContactPageTest" time="106.599" errors="0" timestamp="7 Apr 2019 13:33:27 GMT">
  <testcase classname="com.classiccrm.testcases.ContactPageTest" name="addNewContactTest" time="22.166"/>
  <testcase classname="com.classiccrm.testcases.ContactPageTest" name="addNewContactTest" time="21.066"/>
  <testcase classname="com.classiccrm.testcases.ContactPageTest" name="addNewContactTest" time="21.481"/>
  <testcase classname="com.classiccrm.testcases.ContactPageTest" name="addNewContactTest" time="20.634"/>
  <testcase classname="com.classiccrm.testcases.ContactPageTest" name="addNewContactTest" time="21.252"/>
</testsuite> <!-- com.classiccrm.testcases.ContactPageTest -->
