<?xml version="1.0" encoding="UTF-8"?>
<!-- Generated by org.testng.reporters.JUnitReportReporter -->
<testsuite hostname="Bilal-PC" failures="0" tests="6" name="com.classiccrm.testcases.LoginPageTest" time="88.516" errors="0" timestamp="13 Apr 2019 20:39:58 GMT">
  <testcase classname="com.classiccrm.testcases.LoginPageTest" name="invalidLoginTest" time="13.599"/>
  <testcase classname="com.classiccrm.testcases.LoginPageTest" name="validLoginTest" time="16.329"/>
  <testcase classname="com.classiccrm.testcases.LoginPageTest" name="loginTest" time="15.573"/>
  <testcase classname="com.classiccrm.testcases.LoginPageTest" name="accountLabelTest" time="16.537"/>
  <testcase classname="com.classiccrm.testcases.LoginPageTest" name="invalidLoginTest" time="13.224"/>
  <testcase classname="com.classiccrm.testcases.LoginPageTest" name="invalidLoginTest" time="13.254"/>
</testsuite> <!-- com.classiccrm.testcases.LoginPageTest -->
