<?xml version="1.0" encoding="UTF-8"?>
<!-- Generated by org.testng.reporters.JUnitReportReporter -->
<testsuite hostname="Bilal-PC" failures="0" tests="5" name="com.classiccrm.testcases.ContactPageTest" time="94.567" errors="0" timestamp="13 Apr 2019 20:39:58 GMT">
  <testcase classname="com.classiccrm.testcases.ContactPageTest" name="addNewContactTest" time="18.911"/>
  <testcase classname="com.classiccrm.testcases.ContactPageTest" name="addNewContactTest" time="18.276"/>
  <testcase classname="com.classiccrm.testcases.ContactPageTest" name="addNewContactTest" time="19.433"/>
  <testcase classname="com.classiccrm.testcases.ContactPageTest" name="addNewContactTest" time="18.670"/>
  <testcase classname="com.classiccrm.testcases.ContactPageTest" name="addNewContactTest" time="19.277"/>
</testsuite> <!-- com.classiccrm.testcases.ContactPageTest -->
