<?xml version="1.0" encoding="UTF-8"?>
<!-- Generated by org.testng.reporters.JUnitReportReporter -->
<testsuite hostname="Bilal-PC" failures="0" tests="5" name="com.classiccrm.testcases.ContactPageTest" time="88.115" errors="0" timestamp="7 Apr 2019 20:44:47 GMT">
  <testcase classname="com.classiccrm.testcases.ContactPageTest" name="addNewContactTest" time="17.109"/>
  <testcase classname="com.classiccrm.testcases.ContactPageTest" name="addNewContactTest" time="17.351"/>
  <testcase classname="com.classiccrm.testcases.ContactPageTest" name="addNewContactTest" time="17.405"/>
  <testcase classname="com.classiccrm.testcases.ContactPageTest" name="addNewContactTest" time="17.510"/>
  <testcase classname="com.classiccrm.testcases.ContactPageTest" name="addNewContactTest" time="18.740"/>
</testsuite> <!-- com.classiccrm.testcases.ContactPageTest -->
